<?xml version="1.0" encoding="UTF-8"?>
<Site BuildName="(empty)"
	BuildStamp="20250528-2147-Experimental"
	Name="easha-Latitude-7390-2-in-1"
	Generator="ctest-3.22.1"
	CompilerName="/usr/bin/c++"
	CompilerVersion="11.4.0"
	OSName="Linux"
	Hostname="easha-Latitude-7390-2-in-1"
	OSRelease="6.8.0-59-generic"
	OSVersion="#61~22.04.1-Ubuntu SMP PREEMPT_DYNAMIC Tue Apr 15 17:03:15 UTC 2"
	OSPlatform="x86_64"
	Is64Bits="1"
	VendorString="GenuineIntel"
	VendorID="Intel Corporation"
	FamilyID="6"
	ModelID="142"
	ProcessorCacheSize="6144"
	NumberOfLogicalCPU="8"
	NumberOfPhysicalCPU="4"
	TotalVirtualMemory="2047"
	TotalPhysicalMemory="7815"
	LogicalProcessorsPerPhysical="2"
	ProcessorClockFrequency="899.996"
	>
	<Testing>
		<StartDateTime>May 29 07:47 AEST</StartDateTime>
		<StartTestTime>1748468843</StartTestTime>
		<TestList/>
		<EndDateTime>May 29 07:47 AEST</EndDateTime>
		<EndTestTime>1748468843</EndTestTime>
		<ElapsedMinutes>0</ElapsedMinutes>
	</Testing>
</Site>
